-------------------------------------------------------------------------------
Test set: com.example.session_demo.controller.ProviderControllerIntegrationTest
-------------------------------------------------------------------------------
Tests run: 3, Failures: 1, Errors: 0, Skipped: 0, Time elapsed: 1.662 s <<< FAILURE! -- in com.example.session_demo.controller.ProviderControllerIntegrationTest
com.example.session_demo.controller.ProviderControllerIntegrationTest.registerProvider_ValidData_ReturnsCreated -- Time elapsed: 0.047 s <<< FAILURE!
java.lang.AssertionError: Status expected:<201> but was:<422>
	at org.springframework.test.util.AssertionErrors.fail(AssertionErrors.java:61)
	at org.springframework.test.util.AssertionErrors.assertEquals(AssertionErrors.java:128)
	at org.springframework.test.web.servlet.result.StatusResultMatchers.lambda$matcher$9(StatusResultMatchers.java:640)
	at org.springframework.test.web.servlet.MockMvc$1.andExpect(MockMvc.java:214)
	at com.example.session_demo.controller.ProviderControllerIntegrationTest.registerProvider_ValidData_ReturnsCreated(ProviderControllerIntegrationTest.java:61)
	at java.base/java.lang.reflect.Method.invoke(Method.java:569)
	at java.base/java.util.ArrayList.forEach(ArrayList.java:1511)
	at java.base/java.util.ArrayList.forEach(ArrayList.java:1511)

