<?xml version="1.0" encoding="UTF-8"?>
<testsuite xmlns:xsi="http://www.w3.org/2001/XMLSchema-instance" xsi:noNamespaceSchemaLocation="https://maven.apache.org/surefire/maven-surefire-plugin/xsd/surefire-test-report.xsd" version="3.0.2" name="com.example.session_demo.service.ProviderServiceTest" time="0.986" tests="8" errors="1" skipped="0" failures="2">
  <properties>
[...]
</properties>
  <testcase name="verifyEmail_InvalidToken_ReturnsFalse" classname="com.example.session_demo.service.ProviderServiceTest" time="0.917">
    <system-out><![CDATA[18:02:59.588 [main] INFO com.example.session_demo.service.ProviderService -- Verifying email with token: invalidT...
18:02:59.593 [main] WARN com.example.session_demo.service.ProviderService -- Invalid verification token: invalidT...
]]></system-out>
  </testcase>
  <testcase name="verifyEmail_ValidToken_Success" classname="com.example.session_demo.service.ProviderServiceTest" time="0.008">
    <system-out><![CDATA[18:02:59.613 [main] INFO com.example.session_demo.service.ProviderService -- Verifying email with token: validTok...
18:02:59.614 [main] INFO com.example.session_demo.service.ProviderService -- Email verified successfully for provider: john.doe@clinic.com
]]></system-out>
  </testcase>
  <testcase name="registerProvider_DuplicateEmail_ThrowsConflictException" classname="com.example.session_demo.service.ProviderServiceTest" time="0.007">
    <system-out><![CDATA[18:02:59.622 [main] INFO com.example.session_demo.service.ProviderService -- Starting provider registration for email: john.doe@clinic.com
]]></system-out>
  </testcase>
  <testcase name="registerProvider_ValidData_Success" classname="com.example.session_demo.service.ProviderServiceTest" time="0.025">
    <failure message="&#10;Argument(s) are different! Wanted:&#10;emailService.sendVerificationEmail(&#10;    &lt;any string&gt;,&#10;    &lt;any string&gt;,&#10;    &lt;any string&gt;&#10;);&#10;-&gt; at com.example.session_demo.service.EmailService.sendVerificationEmail(EmailService.java:35)&#10;Actual invocations have different arguments at position [2]:&#10;emailService.sendVerificationEmail(&#10;    &quot;john.doe@clinic.com&quot;,&#10;    &quot;John&quot;,&#10;    null&#10;);&#10;-&gt; at com.example.session_demo.service.ProviderService.registerProvider(ProviderService.java:68)&#10;" type="Argument(s) are different! Wanted"><![CDATA[Argument(s) are different! Wanted:
emailService.sendVerificationEmail(
    <any string>,
    <any string>,
    <any string>
);
-> at com.example.session_demo.service.EmailService.sendVerificationEmail(EmailService.java:35)
Actual invocations have different arguments at position [2]:
emailService.sendVerificationEmail(
    "john.doe@clinic.com",
    "John",
    null
);
-> at com.example.session_demo.service.ProviderService.registerProvider(ProviderService.java:68)

	at com.example.session_demo.service.EmailService.sendVerificationEmail(EmailService.java:35)
	at com.example.session_demo.service.ProviderServiceTest.registerProvider_ValidData_Success(ProviderServiceTest.java:109)
	at java.base/java.lang.reflect.Method.invoke(Method.java:569)
	at java.base/java.util.ArrayList.forEach(ArrayList.java:1511)
	at java.base/java.util.ArrayList.forEach(ArrayList.java:1511)
]]></failure>
    <system-out><![CDATA[18:02:59.629 [main] INFO com.example.session_demo.service.ProviderService -- Starting provider registration for email: john.doe@clinic.com
18:02:59.631 [main] INFO com.example.session_demo.service.ProviderService -- Provider saved successfully with ID: 1
18:02:59.632 [main] INFO com.example.session_demo.service.ProviderService -- Provider registration completed successfully for: john.doe@clinic.com
]]></system-out>
  </testcase>
  <testcase name="registerProvider_InvalidPhoneNumber_ThrowsValidationException" classname="com.example.session_demo.service.ProviderServiceTest" time="0.005">
    <system-out><![CDATA[18:02:59.655 [main] INFO com.example.session_demo.service.ProviderService -- Starting provider registration for email: john.doe@clinic.com
]]></system-out>
  </testcase>
  <testcase name="registerProvider_PasswordMismatch_ThrowsValidationException" classname="com.example.session_demo.service.ProviderServiceTest" time="0.005">
    <system-out><![CDATA[18:02:59.661 [main] INFO com.example.session_demo.service.ProviderService -- Starting provider registration for email: john.doe@clinic.com
]]></system-out>
  </testcase>
  <testcase name="getProviderById_NonExistingProvider_ReturnsEmpty" classname="com.example.session_demo.service.ProviderServiceTest" time="0.006">
    <error message="&#10;Unnecessary stubbings detected.&#10;Clean &amp; maintainable test code requires zero unnecessary code.&#10;Following stubbings are unnecessary (click to navigate to relevant line of code):&#10;  1. -&gt; at com.example.session_demo.service.ProviderServiceTest.getProviderById_NonExistingProvider_ReturnsEmpty(ProviderServiceTest.java:209)&#10;Please remove unnecessary stubbings or use &apos;lenient&apos; strictness. More info: javadoc for UnnecessaryStubbingException class." type="org.mockito.exceptions.misusing.UnnecessaryStubbingException"><![CDATA[org.mockito.exceptions.misusing.UnnecessaryStubbingException: 

Unnecessary stubbings detected.
Clean & maintainable test code requires zero unnecessary code.
Following stubbings are unnecessary (click to navigate to relevant line of code):
  1. -> at com.example.session_demo.service.ProviderServiceTest.getProviderById_NonExistingProvider_ReturnsEmpty(ProviderServiceTest.java:209)
Please remove unnecessary stubbings or use 'lenient' strictness. More info: javadoc for UnnecessaryStubbingException class.
	at org.mockito.junit.jupiter.MockitoExtension.lambda$afterEach$2(MockitoExtension.java:200)
	at java.base/java.util.Optional.ifPresent(Optional.java:178)
	at org.mockito.junit.jupiter.MockitoExtension.afterEach(MockitoExtension.java:198)
	at java.base/java.util.ArrayList.forEach(ArrayList.java:1511)
	at java.base/java.util.ArrayList.forEach(ArrayList.java:1511)
]]></error>
  </testcase>
  <testcase name="getProviderById_ExistingProvider_ReturnsProvider" classname="com.example.session_demo.service.ProviderServiceTest" time="0.004">
    <failure message="expected: &lt;true&gt; but was: &lt;false&gt;" type="org.opentest4j.AssertionFailedError"><![CDATA[org.opentest4j.AssertionFailedError: expected: <true> but was: <false>
	at org.junit.jupiter.api.AssertionFailureBuilder.build(AssertionFailureBuilder.java:151)
	at org.junit.jupiter.api.AssertionFailureBuilder.buildAndThrow(AssertionFailureBuilder.java:132)
	at org.junit.jupiter.api.AssertTrue.failNotTrue(AssertTrue.java:63)
	at org.junit.jupiter.api.AssertTrue.assertTrue(AssertTrue.java:36)
	at org.junit.jupiter.api.AssertTrue.assertTrue(AssertTrue.java:31)
	at org.junit.jupiter.api.Assertions.assertTrue(Assertions.java:183)
	at com.example.session_demo.service.ProviderServiceTest.getProviderById_ExistingProvider_ReturnsProvider(ProviderServiceTest.java:201)
	at java.base/java.lang.reflect.Method.invoke(Method.java:569)
	at java.base/java.util.ArrayList.forEach(ArrayList.java:1511)
	at java.base/java.util.ArrayList.forEach(ArrayList.java:1511)
]]></failure>
  </testcase>
</testsuite>