<?xml version="1.0" encoding="UTF-8"?>
<testsuite xmlns:xsi="http://www.w3.org/2001/XMLSchema-instance" xsi:noNamespaceSchemaLocation="https://maven.apache.org/surefire/maven-surefire-plugin/xsd/surefire-test-report.xsd" version="3.0.2" name="com.example.session_demo.SessionDemoApplicationTests" time="6.27" tests="1" errors="0" skipped="0" failures="0">
  <properties>
[...]
</properties>
  <testcase name="contextLoads" classname="com.example.session_demo.SessionDemoApplicationTests" time="0.015">
    <system-out><![CDATA[18:03:00.000 [main] INFO org.springframework.test.context.support.AnnotationConfigContextLoaderUtils -- Could not detect default configuration classes for test class [com.example.session_demo.SessionDemoApplicationTests]: SessionDemoApplicationTests does not declare any static, non-private, non-final, nested classes annotated with @Configuration.
18:03:00.116 [main] INFO org.springframework.boot.test.context.SpringBootTestContextBootstrapper -- Found @SpringBootConfiguration com.example.session_demo.SessionDemoApplication for test class com.example.session_demo.SessionDemoApplicationTests
18:03:00.279 [main] INFO org.springframework.boot.devtools.restart.RestartApplicationListener -- Restart disabled due to context in which it is running

  .   ____          _            __ _ _
 /\\ / ___'_ __ _ _(_)_ __  __ _ \ \ \ \
( ( )\___ | '_ | '_| | '_ \/ _` | \ \ \ \
 \\/  ___)| |_)| | | | | || (_| |  ) ) ) )
  '  |____| .__|_| |_|_| |_\__, | / / / /
 =========|_|==============|___/=/_/_/_/

 :: Spring Boot ::                (v3.5.3)

2025-07-24T18:03:00.548+05:30  INFO 607263 --- [session-demo] [           main] c.e.s.SessionDemoApplicationTests        : Starting SessionDemoApplicationTests using Java 17.0.13 with PID 607263 (started by lnv-244 in /home/lnv-244/CodeBase/session/java-ai-suit-9)
2025-07-24T18:03:00.550+05:30  INFO 607263 --- [session-demo] [           main] c.e.s.SessionDemoApplicationTests        : No active profile set, falling back to 1 default profile: "default"
2025-07-24T18:03:01.677+05:30  INFO 607263 --- [session-demo] [           main] .s.d.r.c.RepositoryConfigurationDelegate : Multiple Spring Data modules found, entering strict repository configuration mode
2025-07-24T18:03:01.680+05:30  INFO 607263 --- [session-demo] [           main] .s.d.r.c.RepositoryConfigurationDelegate : Bootstrapping Spring Data JPA repositories in DEFAULT mode.
2025-07-24T18:03:01.865+05:30  INFO 607263 --- [session-demo] [           main] .s.d.r.c.RepositoryConfigurationDelegate : Finished Spring Data repository scanning in 168 ms. Found 3 JPA repository interfaces.
2025-07-24T18:03:01.902+05:30  INFO 607263 --- [session-demo] [           main] .s.d.r.c.RepositoryConfigurationDelegate : Multiple Spring Data modules found, entering strict repository configuration mode
2025-07-24T18:03:01.904+05:30  INFO 607263 --- [session-demo] [           main] .s.d.r.c.RepositoryConfigurationDelegate : Bootstrapping Spring Data Redis repositories in DEFAULT mode.
2025-07-24T18:03:01.922+05:30  INFO 607263 --- [session-demo] [           main] .RepositoryConfigurationExtensionSupport : Spring Data Redis - Could not safely identify store assignment for repository candidate interface com.example.session_demo.repository.LoginAttemptRepository; If you want this repository to be a Redis repository, consider annotating your entities with one of these annotations: org.springframework.data.redis.core.RedisHash (preferred), or consider extending one of the following types with your repository: org.springframework.data.keyvalue.repository.KeyValueRepository
2025-07-24T18:03:01.923+05:30  INFO 607263 --- [session-demo] [           main] .RepositoryConfigurationExtensionSupport : Spring Data Redis - Could not safely identify store assignment for repository candidate interface com.example.session_demo.repository.ProviderRepository; If you want this repository to be a Redis repository, consider annotating your entities with one of these annotations: org.springframework.data.redis.core.RedisHash (preferred), or consider extending one of the following types with your repository: org.springframework.data.keyvalue.repository.KeyValueRepository
2025-07-24T18:03:01.923+05:30  INFO 607263 --- [session-demo] [           main] .RepositoryConfigurationExtensionSupport : Spring Data Redis - Could not safely identify store assignment for repository candidate interface com.example.session_demo.repository.RefreshTokenRepository; If you want this repository to be a Redis repository, consider annotating your entities with one of these annotations: org.springframework.data.redis.core.RedisHash (preferred), or consider extending one of the following types with your repository: org.springframework.data.keyvalue.repository.KeyValueRepository
2025-07-24T18:03:01.923+05:30  INFO 607263 --- [session-demo] [           main] .s.d.r.c.RepositoryConfigurationDelegate : Finished Spring Data repository scanning in 9 ms. Found 0 Redis repository interfaces.
2025-07-24T18:03:02.554+05:30  INFO 607263 --- [session-demo] [           main] o.hibernate.jpa.internal.util.LogHelper  : HHH000204: Processing PersistenceUnitInfo [name: default]
2025-07-24T18:03:02.607+05:30  INFO 607263 --- [session-demo] [           main] org.hibernate.Version                    : HHH000412: Hibernate ORM core version 6.6.18.Final
2025-07-24T18:03:02.645+05:30  INFO 607263 --- [session-demo] [           main] o.h.c.internal.RegionFactoryInitiator    : HHH000026: Second-level cache disabled
2025-07-24T18:03:02.754+05:30  INFO 607263 --- [session-demo] [           main] o.s.o.j.p.SpringPersistenceUnitInfo      : No LoadTimeWeaver setup: ignoring JPA class transformer
2025-07-24T18:03:02.777+05:30  INFO 607263 --- [session-demo] [           main] com.zaxxer.hikari.HikariDataSource       : HikariPool-1 - Starting...
2025-07-24T18:03:02.965+05:30  INFO 607263 --- [session-demo] [           main] com.zaxxer.hikari.pool.HikariPool        : HikariPool-1 - Added connection org.postgresql.jdbc.PgConnection@6693818c
2025-07-24T18:03:02.966+05:30  INFO 607263 --- [session-demo] [           main] com.zaxxer.hikari.HikariDataSource       : HikariPool-1 - Start completed.
2025-07-24T18:03:02.997+05:30  WARN 607263 --- [session-demo] [           main] org.hibernate.orm.deprecation            : HHH90000025: PostgreSQLDialect does not need to be specified explicitly using 'hibernate.dialect' (remove the property setting and it will be selected by default)
2025-07-24T18:03:03.011+05:30  INFO 607263 --- [session-demo] [           main] org.hibernate.orm.connections.pooling    : HHH10001005: Database info:
	Database JDBC URL [Connecting through datasource 'HikariDataSource (HikariPool-1)']
	Database driver: undefined/unknown
	Database version: 15.13
	Autocommit mode: undefined/unknown
	Isolation level: undefined/unknown
	Minimum pool size: undefined/unknown
	Maximum pool size: undefined/unknown
2025-07-24T18:03:03.746+05:30  INFO 607263 --- [session-demo] [           main] o.h.e.t.j.p.i.JtaPlatformInitiator       : HHH000489: No JTA platform available (set 'hibernate.transaction.jta.platform' to enable JTA platform integration)
2025-07-24T18:03:03.761+05:30 DEBUG 607263 --- [session-demo] [           main] org.hibernate.SQL                        : 
    set client_min_messages = WARNING
Hibernate: 
    set client_min_messages = WARNING
2025-07-24T18:03:03.765+05:30 DEBUG 607263 --- [session-demo] [           main] org.hibernate.SQL                        : 
    alter table if exists login_attempts 
       drop constraint if exists FKrauusosq6t9illwjtvtn4dxni
Hibernate: 
    alter table if exists login_attempts 
       drop constraint if exists FKrauusosq6t9illwjtvtn4dxni
2025-07-24T18:03:03.766+05:30 DEBUG 607263 --- [session-demo] [           main] org.hibernate.SQL                        : 
    alter table if exists refresh_tokens 
       drop constraint if exists FK7euc7bblyp6m2ath08be0kbro
Hibernate: 
    alter table if exists refresh_tokens 
       drop constraint if exists FK7euc7bblyp6m2ath08be0kbro
2025-07-24T18:03:03.767+05:30 DEBUG 607263 --- [session-demo] [           main] org.hibernate.SQL                        : 
    drop table if exists login_attempts cascade
Hibernate: 
    drop table if exists login_attempts cascade
2025-07-24T18:03:03.768+05:30 DEBUG 607263 --- [session-demo] [           main] org.hibernate.SQL                        : 
    drop table if exists providers cascade
Hibernate: 
    drop table if exists providers cascade
2025-07-24T18:03:03.775+05:30 DEBUG 607263 --- [session-demo] [           main] org.hibernate.SQL                        : 
    drop table if exists refresh_tokens cascade
Hibernate: 
    drop table if exists refresh_tokens cascade
2025-07-24T18:03:03.782+05:30 DEBUG 607263 --- [session-demo] [           main] org.hibernate.SQL                        : 
    create table login_attempts (
        created_at timestamp(6) not null,
        provider_id bigint,
        id UUID not null,
        attempt_type varchar(255) not null check (attempt_type in ('SUCCESS','FAILED','LOCKED','RATE_LIMITED','ACCOUNT_DISABLED','EMAIL_NOT_VERIFIED')),
        failure_reason varchar(255),
        identifier varchar(255) not null,
        ip_address varchar(255) not null,
        user_agent varchar(255),
        primary key (id)
    )
Hibernate: 
    create table login_attempts (
        created_at timestamp(6) not null,
        provider_id bigint,
        id UUID not null,
        attempt_type varchar(255) not null check (attempt_type in ('SUCCESS','FAILED','LOCKED','RATE_LIMITED','ACCOUNT_DISABLED','EMAIL_NOT_VERIFIED')),
        failure_reason varchar(255),
        identifier varchar(255) not null,
        ip_address varchar(255) not null,
        user_agent varchar(255),
        primary key (id)
    )
2025-07-24T18:03:03.798+05:30 DEBUG 607263 --- [session-demo] [           main] org.hibernate.SQL                        : 
    create table providers (
        concurrent_sessions integer not null,
        email_verified boolean not null,
        failed_login_attempts integer not null,
        is_active boolean not null,
        login_count integer not null,
        years_of_experience integer not null check ((years_of_experience<=50) and (years_of_experience>=0)),
        created_at timestamp(6) not null,
        email_verification_token_expiry timestamp(6),
        id bigint generated by default as identity,
        last_login timestamp(6),
        locked_until timestamp(6),
        password_changed_at timestamp(6),
        updated_at timestamp(6) not null,
        uuid UUID not null unique,
        first_name varchar(50) not null,
        last_name varchar(50) not null,
        clinic_city varchar(255),
        clinic_state varchar(255),
        clinic_street varchar(255),
        clinic_zip varchar(255),
        email varchar(255) not null unique,
        email_verification_token varchar(255),
        license_document_url varchar(255),
        license_number varchar(255) not null unique,
        password_hash varchar(255) not null,
        phone_number varchar(255) not null unique,
        specialization varchar(255) not null check (specialization in ('ALLERGY_IMMUNOLOGY','ANESTHESIOLOGY','CARDIOLOGY','DERMATOLOGY','EMERGENCY_MEDICINE','FAMILY_MEDICINE','GASTROENTEROLOGY','GENERAL_SURGERY','HEMATOLOGY','INFECTIOUS_DISEASE','INTERNAL_MEDICINE','NEPHROLOGY','NEUROLOGY','NEUROSURGERY','OBSTETRICS_GYNECOLOGY','ONCOLOGY','OPHTHALMOLOGY','ORTHOPEDIC_SURGERY','OTOLARYNGOLOGY','PATHOLOGY','PEDIATRICS','PHYSICAL_MEDICINE','PLASTIC_SURGERY','PSYCHIATRY','PULMONOLOGY','RADIOLOGY','RHEUMATOLOGY','UROLOGY','NURSE_PRACTITIONER','PHYSICIAN_ASSISTANT','OTHER')),
        verification_status varchar(255) not null check (verification_status in ('PENDING','VERIFIED','REJECTED')),
        primary key (id)
    )
Hibernate: 
    create table providers (
        concurrent_sessions integer not null,
        email_verified boolean not null,
        failed_login_attempts integer not null,
        is_active boolean not null,
        login_count integer not null,
        years_of_experience integer not null check ((years_of_experience<=50) and (years_of_experience>=0)),
        created_at timestamp(6) not null,
        email_verification_token_expiry timestamp(6),
        id bigint generated by default as identity,
        last_login timestamp(6),
        locked_until timestamp(6),
        password_changed_at timestamp(6),
        updated_at timestamp(6) not null,
        uuid UUID not null unique,
        first_name varchar(50) not null,
        last_name varchar(50) not null,
        clinic_city varchar(255),
        clinic_state varchar(255),
        clinic_street varchar(255),
        clinic_zip varchar(255),
        email varchar(255) not null unique,
        email_verification_token varchar(255),
        license_document_url varchar(255),
        license_number varchar(255) not null unique,
        password_hash varchar(255) not null,
        phone_number varchar(255) not null unique,
        specialization varchar(255) not null check (specialization in ('ALLERGY_IMMUNOLOGY','ANESTHESIOLOGY','CARDIOLOGY','DERMATOLOGY','EMERGENCY_MEDICINE','FAMILY_MEDICINE','GASTROENTEROLOGY','GENERAL_SURGERY','HEMATOLOGY','INFECTIOUS_DISEASE','INTERNAL_MEDICINE','NEPHROLOGY','NEUROLOGY','NEUROSURGERY','OBSTETRICS_GYNECOLOGY','ONCOLOGY','OPHTHALMOLOGY','ORTHOPEDIC_SURGERY','OTOLARYNGOLOGY','PATHOLOGY','PEDIATRICS','PHYSICAL_MEDICINE','PLASTIC_SURGERY','PSYCHIATRY','PULMONOLOGY','RADIOLOGY','RHEUMATOLOGY','UROLOGY','NURSE_PRACTITIONER','PHYSICIAN_ASSISTANT','OTHER')),
        verification_status varchar(255) not null check (verification_status in ('PENDING','VERIFIED','REJECTED')),
        primary key (id)
    )
2025-07-24T18:03:03.822+05:30 DEBUG 607263 --- [session-demo] [           main] org.hibernate.SQL                        : 
    create table refresh_tokens (
        is_revoked boolean not null,
        created_at timestamp(6) not null,
        expires_at timestamp(6) not null,
        last_used_at timestamp(6) not null,
        provider_id bigint not null,
        id UUID not null,
        device_info varchar(255),
        ip_address varchar(255),
        token_hash varchar(255) not null unique,
        user_agent varchar(255),
        primary key (id)
    )
Hibernate: 
    create table refresh_tokens (
        is_revoked boolean not null,
        created_at timestamp(6) not null,
        expires_at timestamp(6) not null,
        last_used_at timestamp(6) not null,
        provider_id bigint not null,
        id UUID not null,
        device_info varchar(255),
        ip_address varchar(255),
        token_hash varchar(255) not null unique,
        user_agent varchar(255),
        primary key (id)
    )
2025-07-24T18:03:03.834+05:30 DEBUG 607263 --- [session-demo] [           main] org.hibernate.SQL                        : 
    create index idx_login_attempt_provider 
       on login_attempts (provider_id)
Hibernate: 
    create index idx_login_attempt_provider 
       on login_attempts (provider_id)
2025-07-24T18:03:03.839+05:30 DEBUG 607263 --- [session-demo] [           main] org.hibernate.SQL                        : 
    create index idx_login_attempt_identifier 
       on login_attempts (identifier)
Hibernate: 
    create index idx_login_attempt_identifier 
       on login_attempts (identifier)
2025-07-24T18:03:03.843+05:30 DEBUG 607263 --- [session-demo] [           main] org.hibernate.SQL                        : 
    create index idx_login_attempt_ip 
       on login_attempts (ip_address)
Hibernate: 
    create index idx_login_attempt_ip 
       on login_attempts (ip_address)
2025-07-24T18:03:03.848+05:30 DEBUG 607263 --- [session-demo] [           main] org.hibernate.SQL                        : 
    create index idx_login_attempt_created 
       on login_attempts (created_at)
Hibernate: 
    create index idx_login_attempt_created 
       on login_attempts (created_at)
2025-07-24T18:03:03.854+05:30 DEBUG 607263 --- [session-demo] [           main] org.hibernate.SQL                        : 
    create index idx_login_attempt_type 
       on login_attempts (attempt_type)
Hibernate: 
    create index idx_login_attempt_type 
       on login_attempts (attempt_type)
2025-07-24T18:03:03.859+05:30 DEBUG 607263 --- [session-demo] [           main] org.hibernate.SQL                        : 
    create index idx_provider_email 
       on providers (email)
Hibernate: 
    create index idx_provider_email 
       on providers (email)
2025-07-24T18:03:03.863+05:30 DEBUG 607263 --- [session-demo] [           main] org.hibernate.SQL                        : 
    create index idx_provider_phone 
       on providers (phone_number)
Hibernate: 
    create index idx_provider_phone 
       on providers (phone_number)
2025-07-24T18:03:03.870+05:30 DEBUG 607263 --- [session-demo] [           main] org.hibernate.SQL                        : 
    create index idx_provider_license 
       on providers (license_number)
Hibernate: 
    create index idx_provider_license 
       on providers (license_number)
2025-07-24T18:03:03.874+05:30 DEBUG 607263 --- [session-demo] [           main] org.hibernate.SQL                        : 
    create index idx_refresh_token_provider 
       on refresh_tokens (provider_id)
Hibernate: 
    create index idx_refresh_token_provider 
       on refresh_tokens (provider_id)
2025-07-24T18:03:03.878+05:30 DEBUG 607263 --- [session-demo] [           main] org.hibernate.SQL                        : 
    create index idx_refresh_token_hash 
       on refresh_tokens (token_hash)
Hibernate: 
    create index idx_refresh_token_hash 
       on refresh_tokens (token_hash)
2025-07-24T18:03:03.884+05:30 DEBUG 607263 --- [session-demo] [           main] org.hibernate.SQL                        : 
    create index idx_refresh_token_expires 
       on refresh_tokens (expires_at)
Hibernate: 
    create index idx_refresh_token_expires 
       on refresh_tokens (expires_at)
2025-07-24T18:03:03.890+05:30 DEBUG 607263 --- [session-demo] [           main] org.hibernate.SQL                        : 
    alter table if exists login_attempts 
       add constraint FKrauusosq6t9illwjtvtn4dxni 
       foreign key (provider_id) 
       references providers
Hibernate: 
    alter table if exists login_attempts 
       add constraint FKrauusosq6t9illwjtvtn4dxni 
       foreign key (provider_id) 
       references providers
2025-07-24T18:03:03.897+05:30 DEBUG 607263 --- [session-demo] [           main] org.hibernate.SQL                        : 
    alter table if exists refresh_tokens 
       add constraint FK7euc7bblyp6m2ath08be0kbro 
       foreign key (provider_id) 
       references providers
Hibernate: 
    alter table if exists refresh_tokens 
       add constraint FK7euc7bblyp6m2ath08be0kbro 
       foreign key (provider_id) 
       references providers
2025-07-24T18:03:03.904+05:30  INFO 607263 --- [session-demo] [           main] j.LocalContainerEntityManagerFactoryBean : Initialized JPA EntityManagerFactory for persistence unit 'default'
2025-07-24T18:03:04.178+05:30  INFO 607263 --- [session-demo] [           main] o.s.d.j.r.query.QueryEnhancerFactory     : Hibernate is in classpath; If applicable, HQL parser will be used.
2025-07-24T18:03:05.370+05:30  WARN 607263 --- [session-demo] [           main] JpaBaseConfiguration$JpaWebConfiguration : spring.jpa.open-in-view is enabled by default. Therefore, database queries may be performed during view rendering. Explicitly configure spring.jpa.open-in-view to disable this warning
2025-07-24T18:03:05.583+05:30  WARN 607263 --- [session-demo] [           main] .s.s.UserDetailsServiceAutoConfiguration : 

Using generated security password: ab77c3fd-f7a3-4c89-bcf5-b9ac39fd3a71

This generated password is for development use only. Your security configuration must be updated before running your application in production.

2025-07-24T18:03:05.589+05:30  INFO 607263 --- [session-demo] [           main] r$InitializeUserDetailsManagerConfigurer : Global AuthenticationManager configured with UserDetailsService bean with name inMemoryUserDetailsManager
2025-07-24T18:03:06.137+05:30  INFO 607263 --- [session-demo] [           main] c.e.s.SessionDemoApplicationTests        : Started SessionDemoApplicationTests in 5.871 seconds (process running for 9.59)
2025-07-24T18:03:06.149+05:30  INFO 607263 --- [session-demo] [   scheduling-1] c.e.s.service.SessionCleanupService      : Starting cleanup of expired refresh tokens
]]></system-out>
  </testcase>
</testsuite>